0 info it worked if it ends with ok
1 verbose cli [ '/usr/bin/node7.7.4/bin/node',
1 verbose cli   '/usr/bin/node7.7.4/bin/npm',
1 verbose cli   'publish' ]
2 info using npm@4.1.2
3 info using node@v7.7.4
4 verbose publish [ '.' ]
5 silly cache add args [ '.', null ]
6 verbose cache add spec .
7 silly cache add parsed spec Result {
7 silly cache add   raw: '.',
7 silly cache add   scope: null,
7 silly cache add   escapedName: null,
7 silly cache add   name: null,
7 silly cache add   rawSpec: '.',
7 silly cache add   spec: '/home/ntexadmin/projects/er-core-services/er/messaging',
7 silly cache add   type: 'directory' }
8 verbose addLocalDirectory /home/ntexadmin/.npm/messaging/1.0.0/package.tgz not in flight; packing
9 verbose correctMkdir /home/ntexadmin/.npm correctMkdir not in flight; initializing
10 info lifecycle messaging@1.0.0~prepublish: messaging@1.0.0
11 silly lifecycle messaging@1.0.0~prepublish: no script for prepublish, continuing
12 info lifecycle messaging@1.0.0~prepare: messaging@1.0.0
13 silly lifecycle messaging@1.0.0~prepare: no script for prepare, continuing
14 verbose tar pack [ '/home/ntexadmin/.npm/messaging/1.0.0/package.tgz',
14 verbose tar pack   '/home/ntexadmin/projects/er-core-services/er/messaging' ]
15 verbose tarball /home/ntexadmin/.npm/messaging/1.0.0/package.tgz
16 verbose folder /home/ntexadmin/projects/er-core-services/er/messaging
17 verbose addLocalTarball adding from inside cache /home/ntexadmin/.npm/messaging/1.0.0/package.tgz
18 verbose correctMkdir /home/ntexadmin/.npm correctMkdir not in flight; initializing
19 silly cache afterAdd messaging@1.0.0
20 verbose afterAdd /home/ntexadmin/.npm/messaging/1.0.0/package/package.json not in flight; writing
21 verbose correctMkdir /home/ntexadmin/.npm correctMkdir not in flight; initializing
22 verbose afterAdd /home/ntexadmin/.npm/messaging/1.0.0/package/package.json written
23 silly publish { name: 'messaging',
23 silly publish   version: '1.0.0',
23 silly publish   description: 'Utility for various types of messaging implementations',
23 silly publish   main: 'global-messaging.js',
23 silly publish   directories: { test: 'test' },
23 silly publish   scripts: { test: 'echo "Error: no test specified" && exit 1' },
23 silly publish   author: '',
23 silly publish   license: 'ISC',
23 silly publish   readme: 'ERROR: No README data found!',
23 silly publish   readmeFilename: 'README.md',
23 silly publish   _id: 'messaging@1.0.0',
23 silly publish   _shasum: '4146ae7397b7f965b42d1b9bf70d5436bf7fb96e',
23 silly publish   _from: '.' }
24 info lifecycle messaging@1.0.0~prepublishOnly: messaging@1.0.0
25 silly lifecycle messaging@1.0.0~prepublishOnly: no script for prepublishOnly, continuing
26 verbose getPublishConfig undefined
27 silly mapToRegistry name messaging
28 silly mapToRegistry using default registry
29 silly mapToRegistry registry http://npm.elasticrun.in/
30 silly mapToRegistry data Result {
30 silly mapToRegistry   raw: 'messaging',
30 silly mapToRegistry   scope: null,
30 silly mapToRegistry   escapedName: 'messaging',
30 silly mapToRegistry   name: 'messaging',
30 silly mapToRegistry   rawSpec: '',
30 silly mapToRegistry   spec: 'latest',
30 silly mapToRegistry   type: 'tag' }
31 silly mapToRegistry uri http://npm.elasticrun.in/messaging
32 verbose publish registryBase http://npm.elasticrun.in/
33 silly publish uploading /home/ntexadmin/.npm/messaging/1.0.0/package.tgz
34 verbose stack Error: auth required for publishing
34 verbose stack     at CachingRegistryClient.publish (/usr/bin/node7.7.4/lib/node_modules/npm/node_modules/npm-registry-client/lib/publish.js:30:14)
34 verbose stack     at /usr/bin/node7.7.4/lib/node_modules/npm/lib/publish.js:137:14
34 verbose stack     at mapToRegistry (/usr/bin/node7.7.4/lib/node_modules/npm/lib/utils/map-to-registry.js:62:3)
34 verbose stack     at publish_ (/usr/bin/node7.7.4/lib/node_modules/npm/lib/publish.js:108:3)
34 verbose stack     at Array.<anonymous> (/usr/bin/node7.7.4/lib/node_modules/npm/node_modules/slide/lib/bind-actor.js:15:8)
34 verbose stack     at LOOP (/usr/bin/node7.7.4/lib/node_modules/npm/node_modules/slide/lib/chain.js:15:14)
34 verbose stack     at /usr/bin/node7.7.4/lib/node_modules/npm/node_modules/slide/lib/chain.js:18:7
34 verbose stack     at done (/usr/bin/node7.7.4/lib/node_modules/npm/lib/utils/lifecycle.js:132:5)
34 verbose stack     at LOOP (/usr/bin/node7.7.4/lib/node_modules/npm/node_modules/slide/lib/chain.js:7:26)
34 verbose stack     at /usr/bin/node7.7.4/lib/node_modules/npm/node_modules/slide/lib/chain.js:18:7
35 verbose cwd /home/ntexadmin/projects/er-core-services/er/messaging
36 error Linux 4.4.0-72-generic
37 error argv "/usr/bin/node7.7.4/bin/node" "/usr/bin/node7.7.4/bin/npm" "publish"
38 error node v7.7.4
39 error npm  v4.1.2
40 error code ENEEDAUTH
41 error need auth auth required for publishing
42 error need auth You need to authorize this machine using `npm adduser`
43 verbose exit [ 1, true ]
